{
"/Users/karen/Documents/my_project/food/src/js/dataModel/allCats.js":{"path":"/Users/karen/Documents/my_project/food/src/js/dataModel/allCats.js","s":{"1":1,"2":1,"3":1,"4":1,"5":1,"6":13,"7":1,"8":40,"9":600,"10":600,"11":1},"b":{},"f":{"1":1,"2":40,"3":600,"4":600},"fnMap":{"1":{"name":"allCats","line":26,"loc":{"start":{"line":19,"column":7},"end":{"line":19,"column":28}}},"2":{"name":"(anonymous_2)","line":35,"loc":{"start":{"line":28,"column":14},"end":{"line":28,"column":21}}},"3":{"name":"(anonymous_3)","line":36,"loc":{"start":{"line":29,"column":25},"end":{"line":29,"column":35}}},"4":{"name":"(anonymous_4)","line":38,"loc":{"start":{"line":30,"column":20},"end":{"line":30,"column":30}}}},"statementMap":{"1":{"start":{"line":0,"column":0},"end":{"line":0,"column":0},"skip":true},"2":{"start":{"line":0,"column":0},"end":{"line":0,"column":0},"skip":true},"3":{"start":{"line":19,"column":7},"end":{"line":34,"column":1}},"4":{"start":{"line":20,"column":2},"end":{"line":20,"column":17}},"5":{"start":{"line":21,"column":2},"end":{"line":26,"column":3}},"6":{"start":{"line":22,"column":4},"end":{"line":25,"column":6}},"7":{"start":{"line":28,"column":2},"end":{"line":31,"column":4}},"8":{"start":{"line":29,"column":4},"end":{"line":30,"column":47}},"9":{"start":{"line":29,"column":36},"end":{"line":29,"column":50}},"10":{"start":{"line":30,"column":31},"end":{"line":30,"column":45}},"11":{"start":{"line":33,"column":2},"end":{"line":33,"column":15}}},"branchMap":{},"l":{"0":1,"19":1,"20":1,"21":1,"22":13,"28":1,"29":600,"30":600,"33":1}},
"/Users/karen/Documents/my_project/food/src/js/dataModel/allCnts.js":{"path":"/Users/karen/Documents/my_project/food/src/js/dataModel/allCnts.js","s":{"1":1,"2":1,"3":1,"4":3,"5":3,"6":3,"7":39,"8":201,"9":39,"10":162,"11":162,"12":0,"13":162,"14":1134,"15":165,"16":1134,"17":18144,"18":2640,"19":18144,"20":39,"21":201,"22":201,"23":39,"24":3,"25":39,"26":3,"27":165,"28":165,"29":2640,"30":165,"31":3,"32":165,"33":3,"34":840,"35":12600,"36":12600,"37":3,"38":3},"b":{"1":[39,162],"2":[0,162],"3":[165,969],"4":[2640,15504],"5":[39,162]},"f":{"1":3,"2":39,"3":201,"4":1134,"5":18144,"6":165,"7":2640,"8":840,"9":12600,"10":12600},"fnMap":{"1":{"name":"allCnts","line":25,"loc":{"start":{"line":18,"column":7},"end":{"line":18,"column":28}}},"2":{"name":"(anonymous_2)","line":30,"loc":{"start":{"line":0,"column":0},"end":{"line":0,"column":0}},"skip":true},"3":{"name":"(anonymous_3)","line":31,"loc":{"start":{"line":0,"column":0},"end":{"line":0,"column":0}},"skip":true},"4":{"name":"(anonymous_4)","line":37,"loc":{"start":{"line":29,"column":19},"end":{"line":29,"column":26}}},"5":{"name":"(anonymous_5)","line":39,"loc":{"start":{"line":31,"column":36},"end":{"line":31,"column":52}}},"6":{"name":"(anonymous_6)","line":57,"loc":{"start":{"line":0,"column":0},"end":{"line":0,"column":0}},"skip":true},"7":{"name":"(anonymous_7)","line":60,"loc":{"start":{"line":42,"column":22},"end":{"line":42,"column":27}}},"8":{"name":"(anonymous_8)","line":74,"loc":{"start":{"line":52,"column":14},"end":{"line":52,"column":22}}},"9":{"name":"(anonymous_9)","line":75,"loc":{"start":{"line":53,"column":25},"end":{"line":53,"column":35}}},"10":{"name":"(anonymous_10)","line":77,"loc":{"start":{"line":54,"column":20},"end":{"line":54,"column":30}}}},"statementMap":{"1":{"start":{"line":0,"column":0},"end":{"line":0,"column":0},"skip":true},"2":{"start":{"line":0,"column":0},"end":{"line":0,"column":0},"skip":true},"3":{"start":{"line":18,"column":7},"end":{"line":61,"column":1}},"4":{"start":{"line":19,"column":2},"end":{"line":19,"column":17}},"5":{"start":{"line":21,"column":2},"end":{"line":21,"column":15}},"6":{"start":{"line":0,"column":0},"end":{"line":0,"column":0},"skip":true},"7":{"start":{"line":0,"column":0},"end":{"line":0,"column":0},"skip":true},"8":{"start":{"line":24,"column":6},"end":{"line":24,"column":37}},"9":{"start":{"line":24,"column":29},"end":{"line":24,"column":37}},"10":{"start":{"line":26,"column":6},"end":{"line":26,"column":46}},"11":{"start":{"line":27,"column":6},"end":{"line":27,"column":47}},"12":{"start":{"line":27,"column":39},"end":{"line":27,"column":47}},"13":{"start":{"line":29,"column":6},"end":{"line":35,"column":8}},"14":{"start":{"line":30,"column":8},"end":{"line":30,"column":46}},"15":{"start":{"line":30,"column":34},"end":{"line":30,"column":46}},"16":{"start":{"line":31,"column":8},"end":{"line":34,"column":10}},"17":{"start":{"line":32,"column":10},"end":{"line":32,"column":61}},"18":{"start":{"line":32,"column":43},"end":{"line":32,"column":61}},"19":{"start":{"line":33,"column":10},"end":{"line":33,"column":31}},"20":{"start":{"line":23,"column":4},"end":{"line":36,"column":5}},"21":{"start":{"line":0,"column":0},"end":{"line":0,"column":0},"skip":true},"22":{"start":{"line":0,"column":0},"end":{"line":0,"column":0},"skip":true},"23":{"start":{"line":27,"column":39},"end":{"line":27,"column":47}},"24":{"start":{"line":22,"column":2},"end":{"line":37,"column":3}},"25":{"start":{"line":0,"column":0},"end":{"line":0,"column":0},"skip":true},"26":{"start":{"line":0,"column":0},"end":{"line":0,"column":0},"skip":true},"27":{"start":{"line":41,"column":4},"end":{"line":41,"column":16}},"28":{"start":{"line":42,"column":4},"end":{"line":44,"column":6}},"29":{"start":{"line":43,"column":6},"end":{"line":43,"column":40}},"30":{"start":{"line":46,"column":4},"end":{"line":49,"column":6}},"31":{"start":{"line":39,"column":2},"end":{"line":50,"column":3}},"32":{"start":{"line":0,"column":0},"end":{"line":0,"column":0},"skip":true},"33":{"start":{"line":52,"column":2},"end":{"line":55,"column":4}},"34":{"start":{"line":53,"column":4},"end":{"line":54,"column":47}},"35":{"start":{"line":53,"column":36},"end":{"line":53,"column":50}},"36":{"start":{"line":54,"column":31},"end":{"line":54,"column":45}},"37":{"start":{"line":57,"column":2},"end":{"line":57,"column":30}},"38":{"start":{"line":60,"column":2},"end":{"line":60,"column":15}}},"branchMap":{"1":{"line":32,"type":"if","locations":[{"start":{"line":24,"column":6},"end":{"line":24,"column":6}},{"start":{"line":24,"column":6},"end":{"line":24,"column":6}}]},"2":{"line":35,"type":"if","locations":[{"start":{"line":27,"column":6},"end":{"line":27,"column":6}},{"start":{"line":27,"column":6},"end":{"line":27,"column":6}}]},"3":{"line":38,"type":"if","locations":[{"start":{"line":30,"column":8},"end":{"line":30,"column":8}},{"start":{"line":30,"column":8},"end":{"line":30,"column":8}}]},"4":{"line":40,"type":"if","locations":[{"start":{"line":32,"column":10},"end":{"line":32,"column":10}},{"start":{"line":32,"column":10},"end":{"line":32,"column":10}}]},"5":{"line":49,"type":"if","locations":[{"start":{"line":0,"column":0},"end":{"line":0,"column":0},"skip":true},{"start":{"line":0,"column":0},"end":{"line":0,"column":0},"skip":true}]}},"l":{"0":201,"18":1,"19":3,"21":3,"22":3,"23":39,"24":201,"26":162,"27":162,"29":162,"30":1134,"31":1134,"32":18144,"33":18144,"39":3,"41":165,"42":165,"43":2640,"46":165,"52":3,"53":12600,"54":12600,"57":3,"60":3}},
"/Users/karen/Documents/my_project/food/src/js/dataModel/allCntsName.js":{"path":"/Users/karen/Documents/my_project/food/src/js/dataModel/allCntsName.js","s":{"1":1,"2":1,"3":1,"4":1,"5":1,"6":20,"7":19,"8":1,"9":1},"b":{"1":[19,1]},"f":{"1":1,"2":20},"fnMap":{"1":{"name":"allCntsName","line":13,"loc":{"start":{"line":6,"column":7},"end":{"line":6,"column":32}}},"2":{"name":"(anonymous_2)","line":15,"loc":{"start":{"line":8,"column":14},"end":{"line":8,"column":19}}}},"statementMap":{"1":{"start":{"line":0,"column":0},"end":{"line":0,"column":0},"skip":true},"2":{"start":{"line":0,"column":0},"end":{"line":0,"column":0},"skip":true},"3":{"start":{"line":6,"column":7},"end":{"line":13,"column":1}},"4":{"start":{"line":7,"column":2},"end":{"line":7,"column":17}},"5":{"start":{"line":8,"column":2},"end":{"line":10,"column":4}},"6":{"start":{"line":9,"column":4},"end":{"line":9,"column":58}},"7":{"start":{"line":9,"column":39},"end":{"line":9,"column":58}},"8":{"start":{"line":11,"column":2},"end":{"line":11,"column":23}},"9":{"start":{"line":12,"column":2},"end":{"line":12,"column":15}}},"branchMap":{"1":{"line":16,"type":"if","locations":[{"start":{"line":9,"column":4},"end":{"line":9,"column":4}},{"start":{"line":9,"column":4},"end":{"line":9,"column":4}}]}},"l":{"0":1,"6":1,"7":1,"8":1,"9":20,"11":1,"12":1}},
"/Users/karen/Documents/my_project/food/src/js/dataModel/catsInOneCntForLine.js":{"path":"/Users/karen/Documents/my_project/food/src/js/dataModel/catsInOneCntForLine.js","s":{"1":1,"2":1,"3":1,"4":1,"5":1,"6":1,"7":13,"8":67,"9":28,"10":39,"11":13,"12":39,"13":624,"14":208,"15":624,"16":1,"17":13,"18":1,"19":13,"20":13,"21":208,"22":13,"23":1,"24":13,"25":1,"26":38,"27":570,"28":570,"29":1},"b":{"1":[28,39],"2":[13,26],"3":[208,416]},"f":{"1":1,"2":13,"3":624,"4":13,"5":208,"6":38,"7":570,"8":570},"fnMap":{"1":{"name":"catsInOneCntForLine","line":26,"loc":{"start":{"line":19,"column":7},"end":{"line":19,"column":46}}},"2":{"name":"(anonymous_2)","line":31,"loc":{"start":{"line":0,"column":0},"end":{"line":0,"column":0}},"skip":true},"3":{"name":"(anonymous_3)","line":37,"loc":{"start":{"line":30,"column":37},"end":{"line":30,"column":45}}},"4":{"name":"(anonymous_4)","line":48,"loc":{"start":{"line":0,"column":0},"end":{"line":0,"column":0}},"skip":true},"5":{"name":"(anonymous_5)","line":51,"loc":{"start":{"line":41,"column":22},"end":{"line":41,"column":27}}},"6":{"name":"(anonymous_6)","line":65,"loc":{"start":{"line":51,"column":14},"end":{"line":51,"column":23}}},"7":{"name":"(anonymous_7)","line":66,"loc":{"start":{"line":52,"column":25},"end":{"line":52,"column":35}}},"8":{"name":"(anonymous_8)","line":68,"loc":{"start":{"line":53,"column":20},"end":{"line":53,"column":30}}}},"statementMap":{"1":{"start":{"line":0,"column":0},"end":{"line":0,"column":0},"skip":true},"2":{"start":{"line":0,"column":0},"end":{"line":0,"column":0},"skip":true},"3":{"start":{"line":19,"column":7},"end":{"line":58,"column":1}},"4":{"start":{"line":20,"column":2},"end":{"line":20,"column":17}},"5":{"start":{"line":22,"column":2},"end":{"line":22,"column":15}},"6":{"start":{"line":0,"column":0},"end":{"line":0,"column":0},"skip":true},"7":{"start":{"line":25,"column":4},"end":{"line":35,"column":5}},"8":{"start":{"line":27,"column":6},"end":{"line":27,"column":55}},"9":{"start":{"line":27,"column":47},"end":{"line":27,"column":55}},"10":{"start":{"line":29,"column":6},"end":{"line":29,"column":48}},"11":{"start":{"line":29,"column":34},"end":{"line":29,"column":48}},"12":{"start":{"line":30,"column":6},"end":{"line":33,"column":8}},"13":{"start":{"line":31,"column":8},"end":{"line":31,"column":55}},"14":{"start":{"line":31,"column":39},"end":{"line":31,"column":55}},"15":{"start":{"line":32,"column":8},"end":{"line":32,"column":25}},"16":{"start":{"line":24,"column":2},"end":{"line":36,"column":3}},"17":{"start":{"line":0,"column":0},"end":{"line":0,"column":0},"skip":true},"18":{"start":{"line":0,"column":0},"end":{"line":0,"column":0},"skip":true},"19":{"start":{"line":40,"column":4},"end":{"line":40,"column":16}},"20":{"start":{"line":41,"column":4},"end":{"line":43,"column":6}},"21":{"start":{"line":42,"column":6},"end":{"line":42,"column":40}},"22":{"start":{"line":45,"column":4},"end":{"line":48,"column":6}},"23":{"start":{"line":38,"column":2},"end":{"line":49,"column":3}},"24":{"start":{"line":0,"column":0},"end":{"line":0,"column":0},"skip":true},"25":{"start":{"line":51,"column":2},"end":{"line":54,"column":4}},"26":{"start":{"line":52,"column":4},"end":{"line":53,"column":47}},"27":{"start":{"line":52,"column":36},"end":{"line":52,"column":50}},"28":{"start":{"line":53,"column":31},"end":{"line":53,"column":45}},"29":{"start":{"line":56,"column":2},"end":{"line":56,"column":15}}},"branchMap":{"1":{"line":34,"type":"if","locations":[{"start":{"line":27,"column":6},"end":{"line":27,"column":6}},{"start":{"line":27,"column":6},"end":{"line":27,"column":6}}]},"2":{"line":36,"type":"if","locations":[{"start":{"line":29,"column":6},"end":{"line":29,"column":6}},{"start":{"line":29,"column":6},"end":{"line":29,"column":6}}]},"3":{"line":38,"type":"if","locations":[{"start":{"line":31,"column":8},"end":{"line":31,"column":8}},{"start":{"line":31,"column":8},"end":{"line":31,"column":8}}]}},"l":{"0":13,"19":1,"20":1,"22":1,"24":1,"25":13,"27":67,"29":39,"30":39,"31":624,"32":624,"38":1,"40":13,"41":13,"42":208,"45":13,"51":1,"52":570,"53":570,"56":1}},
"/Users/karen/Documents/my_project/food/src/js/dataModel/cntsInOneCatForLine.js":{"path":"/Users/karen/Documents/my_project/food/src/js/dataModel/cntsInOneCatForLine.js","s":{"1":1,"2":1,"3":1,"4":1,"5":1,"6":1,"7":6,"8":5,"9":5,"10":13,"11":9,"12":13,"13":208,"14":144,"15":208,"16":1,"17":6,"18":1,"19":9,"20":9,"21":144,"22":9,"23":1,"24":9,"25":1,"26":13,"27":195,"28":195,"29":1,"30":1},"b":{"1":[5,1],"2":[9,4],"3":[144,64]},"f":{"1":1,"2":6,"3":13,"4":208,"5":9,"6":144,"7":13,"8":195,"9":195},"fnMap":{"1":{"name":"cntsInOneCatForLine","line":26,"loc":{"start":{"line":19,"column":7},"end":{"line":19,"column":40}}},"2":{"name":"(anonymous_2)","line":32,"loc":{"start":{"line":0,"column":0},"end":{"line":0,"column":0}},"skip":true},"3":{"name":"(anonymous_3)","line":35,"loc":{"start":{"line":28,"column":19},"end":{"line":28,"column":26}}},"4":{"name":"(anonymous_4)","line":37,"loc":{"start":{"line":30,"column":31},"end":{"line":30,"column":47}}},"5":{"name":"(anonymous_5)","line":49,"loc":{"start":{"line":0,"column":0},"end":{"line":0,"column":0}},"skip":true},"6":{"name":"(anonymous_6)","line":52,"loc":{"start":{"line":41,"column":22},"end":{"line":41,"column":27}}},"7":{"name":"(anonymous_7)","line":66,"loc":{"start":{"line":51,"column":14},"end":{"line":51,"column":23}}},"8":{"name":"(anonymous_8)","line":67,"loc":{"start":{"line":52,"column":25},"end":{"line":52,"column":35}}},"9":{"name":"(anonymous_9)","line":69,"loc":{"start":{"line":53,"column":20},"end":{"line":53,"column":30}}}},"statementMap":{"1":{"start":{"line":0,"column":0},"end":{"line":0,"column":0},"skip":true},"2":{"start":{"line":0,"column":0},"end":{"line":0,"column":0},"skip":true},"3":{"start":{"line":19,"column":7},"end":{"line":59,"column":1}},"4":{"start":{"line":21,"column":2},"end":{"line":21,"column":17}},"5":{"start":{"line":23,"column":2},"end":{"line":23,"column":15}},"6":{"start":{"line":0,"column":0},"end":{"line":0,"column":0},"skip":true},"7":{"start":{"line":26,"column":4},"end":{"line":35,"column":5}},"8":{"start":{"line":27,"column":6},"end":{"line":27,"column":41}},"9":{"start":{"line":28,"column":6},"end":{"line":34,"column":8}},"10":{"start":{"line":29,"column":8},"end":{"line":29,"column":46}},"11":{"start":{"line":29,"column":34},"end":{"line":29,"column":46}},"12":{"start":{"line":30,"column":8},"end":{"line":33,"column":10}},"13":{"start":{"line":31,"column":10},"end":{"line":31,"column":61}},"14":{"start":{"line":31,"column":43},"end":{"line":31,"column":61}},"15":{"start":{"line":32,"column":10},"end":{"line":32,"column":31}},"16":{"start":{"line":25,"column":2},"end":{"line":36,"column":3}},"17":{"start":{"line":0,"column":0},"end":{"line":0,"column":0},"skip":true},"18":{"start":{"line":0,"column":0},"end":{"line":0,"column":0},"skip":true},"19":{"start":{"line":40,"column":4},"end":{"line":40,"column":16}},"20":{"start":{"line":41,"column":4},"end":{"line":43,"column":6}},"21":{"start":{"line":42,"column":6},"end":{"line":42,"column":40}},"22":{"start":{"line":45,"column":4},"end":{"line":48,"column":6}},"23":{"start":{"line":38,"column":2},"end":{"line":49,"column":3}},"24":{"start":{"line":0,"column":0},"end":{"line":0,"column":0},"skip":true},"25":{"start":{"line":51,"column":2},"end":{"line":54,"column":4}},"26":{"start":{"line":52,"column":4},"end":{"line":53,"column":47}},"27":{"start":{"line":52,"column":36},"end":{"line":52,"column":50}},"28":{"start":{"line":53,"column":31},"end":{"line":53,"column":45}},"29":{"start":{"line":56,"column":2},"end":{"line":56,"column":30}},"30":{"start":{"line":58,"column":2},"end":{"line":58,"column":15}}},"branchMap":{"1":{"line":33,"type":"if","locations":[{"start":{"line":26,"column":4},"end":{"line":26,"column":4}},{"start":{"line":26,"column":4},"end":{"line":26,"column":4}}]},"2":{"line":36,"type":"if","locations":[{"start":{"line":29,"column":8},"end":{"line":29,"column":8}},{"start":{"line":29,"column":8},"end":{"line":29,"column":8}}]},"3":{"line":38,"type":"if","locations":[{"start":{"line":31,"column":10},"end":{"line":31,"column":10}},{"start":{"line":31,"column":10},"end":{"line":31,"column":10}}]}},"l":{"0":9,"19":1,"21":1,"23":1,"25":1,"26":6,"27":5,"28":5,"29":13,"30":13,"31":208,"32":208,"38":1,"40":9,"41":9,"42":144,"45":9,"51":1,"52":195,"53":195,"56":1,"58":1}},
"/Users/karen/Documents/my_project/food/src/js/dataModel/cntsInOneSubcatForLine.js":{"path":"/Users/karen/Documents/my_project/food/src/js/dataModel/cntsInOneSubcatForLine.js","s":{"1":1,"2":1,"3":1,"4":1,"5":1,"6":8,"7":1,"8":13,"9":195,"10":195,"11":1},"b":{},"f":{"1":1,"2":13,"3":195,"4":195},"fnMap":{"1":{"name":"cntsInOneSubcatForLine","line":26,"loc":{"start":{"line":19,"column":7},"end":{"line":19,"column":43}}},"2":{"name":"(anonymous_2)","line":37,"loc":{"start":{"line":30,"column":14},"end":{"line":30,"column":23}}},"3":{"name":"(anonymous_3)","line":38,"loc":{"start":{"line":31,"column":25},"end":{"line":31,"column":35}}},"4":{"name":"(anonymous_4)","line":40,"loc":{"start":{"line":32,"column":20},"end":{"line":32,"column":30}}}},"statementMap":{"1":{"start":{"line":0,"column":0},"end":{"line":0,"column":0},"skip":true},"2":{"start":{"line":0,"column":0},"end":{"line":0,"column":0},"skip":true},"3":{"start":{"line":19,"column":7},"end":{"line":36,"column":1}},"4":{"start":{"line":21,"column":2},"end":{"line":21,"column":17}},"5":{"start":{"line":23,"column":2},"end":{"line":28,"column":3}},"6":{"start":{"line":24,"column":4},"end":{"line":27,"column":6}},"7":{"start":{"line":30,"column":2},"end":{"line":33,"column":4}},"8":{"start":{"line":31,"column":4},"end":{"line":32,"column":47}},"9":{"start":{"line":31,"column":36},"end":{"line":31,"column":50}},"10":{"start":{"line":32,"column":31},"end":{"line":32,"column":45}},"11":{"start":{"line":35,"column":2},"end":{"line":35,"column":15}}},"branchMap":{},"l":{"0":1,"19":1,"21":1,"23":1,"24":8,"30":1,"31":195,"32":195,"35":1}},
"/Users/karen/Documents/my_project/food/src/js/dataModel/subcatsInOneCat.js":{"path":"/Users/karen/Documents/my_project/food/src/js/dataModel/subcatsInOneCat.js","s":{"1":1,"2":1,"3":1,"4":1,"5":1,"6":1},"b":{},"f":{"1":1},"fnMap":{"1":{"name":"subcatsInOneCat","line":13,"loc":{"start":{"line":6,"column":7},"end":{"line":6,"column":36}}}},"statementMap":{"1":{"start":{"line":0,"column":0},"end":{"line":0,"column":0},"skip":true},"2":{"start":{"line":0,"column":0},"end":{"line":0,"column":0},"skip":true},"3":{"start":{"line":6,"column":7},"end":{"line":12,"column":1}},"4":{"start":{"line":8,"column":2},"end":{"line":8,"column":31}},"5":{"start":{"line":9,"column":2},"end":{"line":9,"column":19}},"6":{"start":{"line":11,"column":2},"end":{"line":11,"column":15}}},"branchMap":{},"l":{"0":1,"6":1,"8":1,"9":1,"11":1}}}
