TN:
SF:/Users/karen/Documents/my_project/food/src/js/dataModel/allCats.js
FN:26,allCats
FN:35,(anonymous_2)
FN:36,(anonymous_3)
FN:38,(anonymous_4)
FNF:4
FNH:4
FNDA:1,allCats
FNDA:40,(anonymous_2)
FNDA:600,(anonymous_3)
FNDA:600,(anonymous_4)
DA:0,1
DA:19,1
DA:20,1
DA:21,1
DA:22,13
DA:28,1
DA:29,600
DA:30,600
DA:33,1
LF:9
LH:9
BRF:0
BRH:0
end_of_record
TN:
SF:/Users/karen/Documents/my_project/food/src/js/dataModel/allCnts.js
FN:25,allCnts
FN:30,(anonymous_2)
FN:31,(anonymous_3)
FN:37,(anonymous_4)
FN:39,(anonymous_5)
FN:57,(anonymous_6)
FN:60,(anonymous_7)
FN:74,(anonymous_8)
FN:75,(anonymous_9)
FN:77,(anonymous_10)
FNF:10
FNH:10
FNDA:3,allCnts
FNDA:39,(anonymous_2)
FNDA:201,(anonymous_3)
FNDA:1134,(anonymous_4)
FNDA:18144,(anonymous_5)
FNDA:165,(anonymous_6)
FNDA:2640,(anonymous_7)
FNDA:840,(anonymous_8)
FNDA:12600,(anonymous_9)
FNDA:12600,(anonymous_10)
DA:0,201
DA:18,1
DA:19,3
DA:21,3
DA:22,3
DA:23,39
DA:24,201
DA:26,162
DA:27,162
DA:29,162
DA:30,1134
DA:31,1134
DA:32,18144
DA:33,18144
DA:39,3
DA:41,165
DA:42,165
DA:43,2640
DA:46,165
DA:52,3
DA:53,12600
DA:54,12600
DA:57,3
DA:60,3
LF:24
LH:24
BRDA:32,1,0,39
BRDA:32,1,1,162
BRDA:35,2,0,0
BRDA:35,2,1,162
BRDA:38,3,0,165
BRDA:38,3,1,969
BRDA:40,4,0,2640
BRDA:40,4,1,15504
BRDA:49,5,0,39
BRDA:49,5,1,162
BRF:10
BRH:9
end_of_record
TN:
SF:/Users/karen/Documents/my_project/food/src/js/dataModel/allCntsName.js
FN:13,allCntsName
FN:15,(anonymous_2)
FNF:2
FNH:2
FNDA:1,allCntsName
FNDA:20,(anonymous_2)
DA:0,1
DA:6,1
DA:7,1
DA:8,1
DA:9,20
DA:11,1
DA:12,1
LF:7
LH:7
BRDA:16,1,0,19
BRDA:16,1,1,1
BRF:2
BRH:2
end_of_record
TN:
SF:/Users/karen/Documents/my_project/food/src/js/dataModel/catsInOneCntForLine.js
FN:26,catsInOneCntForLine
FN:31,(anonymous_2)
FN:37,(anonymous_3)
FN:48,(anonymous_4)
FN:51,(anonymous_5)
FN:65,(anonymous_6)
FN:66,(anonymous_7)
FN:68,(anonymous_8)
FNF:8
FNH:8
FNDA:1,catsInOneCntForLine
FNDA:13,(anonymous_2)
FNDA:624,(anonymous_3)
FNDA:13,(anonymous_4)
FNDA:208,(anonymous_5)
FNDA:38,(anonymous_6)
FNDA:570,(anonymous_7)
FNDA:570,(anonymous_8)
DA:0,13
DA:19,1
DA:20,1
DA:22,1
DA:24,1
DA:25,13
DA:27,67
DA:29,39
DA:30,39
DA:31,624
DA:32,624
DA:38,1
DA:40,13
DA:41,13
DA:42,208
DA:45,13
DA:51,1
DA:52,570
DA:53,570
DA:56,1
LF:20
LH:20
BRDA:34,1,0,28
BRDA:34,1,1,39
BRDA:36,2,0,13
BRDA:36,2,1,26
BRDA:38,3,0,208
BRDA:38,3,1,416
BRF:6
BRH:6
end_of_record
TN:
SF:/Users/karen/Documents/my_project/food/src/js/dataModel/cntsInOneCatForLine.js
FN:26,cntsInOneCatForLine
FN:32,(anonymous_2)
FN:35,(anonymous_3)
FN:37,(anonymous_4)
FN:49,(anonymous_5)
FN:52,(anonymous_6)
FN:66,(anonymous_7)
FN:67,(anonymous_8)
FN:69,(anonymous_9)
FNF:9
FNH:9
FNDA:1,cntsInOneCatForLine
FNDA:6,(anonymous_2)
FNDA:13,(anonymous_3)
FNDA:208,(anonymous_4)
FNDA:9,(anonymous_5)
FNDA:144,(anonymous_6)
FNDA:13,(anonymous_7)
FNDA:195,(anonymous_8)
FNDA:195,(anonymous_9)
DA:0,9
DA:19,1
DA:21,1
DA:23,1
DA:25,1
DA:26,6
DA:27,5
DA:28,5
DA:29,13
DA:30,13
DA:31,208
DA:32,208
DA:38,1
DA:40,9
DA:41,9
DA:42,144
DA:45,9
DA:51,1
DA:52,195
DA:53,195
DA:56,1
DA:58,1
LF:22
LH:22
BRDA:33,1,0,5
BRDA:33,1,1,1
BRDA:36,2,0,9
BRDA:36,2,1,4
BRDA:38,3,0,144
BRDA:38,3,1,64
BRF:6
BRH:6
end_of_record
TN:
SF:/Users/karen/Documents/my_project/food/src/js/dataModel/cntsInOneSubcatForLine.js
FN:26,cntsInOneSubcatForLine
FN:37,(anonymous_2)
FN:38,(anonymous_3)
FN:40,(anonymous_4)
FNF:4
FNH:4
FNDA:1,cntsInOneSubcatForLine
FNDA:13,(anonymous_2)
FNDA:195,(anonymous_3)
FNDA:195,(anonymous_4)
DA:0,1
DA:19,1
DA:21,1
DA:23,1
DA:24,8
DA:30,1
DA:31,195
DA:32,195
DA:35,1
LF:9
LH:9
BRF:0
BRH:0
end_of_record
TN:
SF:/Users/karen/Documents/my_project/food/src/js/dataModel/subcatsInOneCat.js
FN:13,subcatsInOneCat
FNF:1
FNH:1
FNDA:1,subcatsInOneCat
DA:0,1
DA:6,1
DA:8,1
DA:9,1
DA:11,1
LF:5
LH:5
BRF:0
BRH:0
end_of_record
